2023-04-04 19:18:03,233 [Worker-9: Loading available Gradle versions] INFO  o.e.b.c.i.u.g.PublishedGradleVersions - Gradle version information cache is up-to-date. Trying to read.
2023-04-05 14:29:29,403 [Worker-11: Loading available Gradle versions] INFO  o.e.b.c.i.u.g.PublishedGradleVersions - Gradle version information cache is up-to-date. Trying to read.
2023-04-05 14:30:17,326 [Worker-11: Building] INFO  o.e.m.c.i.l.LifecycleMappingFactory - Using org.eclipse.m2e.jdt.JarLifecycleMapping lifecycle mapping for MavenProject: chapter01_SpringMaven:chapter01_SpringMaven:0.0.1-SNAPSHOT @ /Applications/study/Spring/workspace/Spring/chapter01_SpringMaven/pom.xml.
2023-04-05 14:30:18,065 [Worker-11: Building] WARN  o.e.m.c.i.embedder.EclipseLogger - Using platform encoding (UTF-8 actually) to copy filtered resources, i.e. build is platform dependent!
2023-04-05 14:30:18,070 [Worker-11: Building] INFO  o.e.m.c.i.embedder.EclipseLogger - skip non existing resourceDirectory /Applications/study/Spring/workspace/Spring/chapter01_SpringMaven/src/main/resources
2023-04-05 14:30:18,072 [Worker-11: Building] WARN  o.e.m.c.i.embedder.EclipseLogger - Using platform encoding (UTF-8 actually) to copy filtered resources, i.e. build is platform dependent!
2023-04-05 14:30:18,073 [Worker-11: Building] INFO  o.e.m.c.i.embedder.EclipseLogger - skip non existing resourceDirectory /Applications/study/Spring/workspace/Spring/chapter01_SpringMaven/src/test/resources
2023-04-05 14:30:18,622 [Worker-5: Updating Maven Dependencies] INFO  o.e.m.c.i.l.LifecycleMappingFactory - Using org.eclipse.m2e.jdt.JarLifecycleMapping lifecycle mapping for MavenProject: chapter01_SpringMaven:chapter01_SpringMaven:0.0.1-SNAPSHOT @ /Applications/study/Spring/workspace/Spring/chapter01_SpringMaven/pom.xml.
2023-04-05 14:30:19,535 [Worker-3: Building] WARN  o.e.m.c.i.embedder.EclipseLogger - Using platform encoding (UTF-8 actually) to copy filtered resources, i.e. build is platform dependent!
2023-04-05 14:30:19,539 [Worker-3: Building] INFO  o.e.m.c.i.embedder.EclipseLogger - skip non existing resourceDirectory /Applications/study/Spring/workspace/Spring/chapter01_SpringMaven/src/main/resources
2023-04-05 14:30:19,544 [Worker-3: Building] WARN  o.e.m.c.i.embedder.EclipseLogger - Using platform encoding (UTF-8 actually) to copy filtered resources, i.e. build is platform dependent!
2023-04-05 14:30:19,545 [Worker-3: Building] INFO  o.e.m.c.i.embedder.EclipseLogger - skip non existing resourceDirectory /Applications/study/Spring/workspace/Spring/chapter01_SpringMaven/src/test/resources
2023-04-05 14:31:01,884 [Worker-8: Loading available Gradle versions] INFO  o.e.b.c.i.u.g.PublishedGradleVersions - Gradle version information cache is up-to-date. Trying to read.
2023-04-05 14:35:07,637 [Worker-16: Building] WARN  o.e.m.c.i.embedder.EclipseLogger - Using platform encoding (UTF-8 actually) to copy filtered resources, i.e. build is platform dependent!
2023-04-05 14:35:07,647 [Worker-16: Building] INFO  o.e.m.c.i.embedder.EclipseLogger - skip non existing resourceDirectory /Applications/study/Spring/workspace/Spring/chapter01_SpringMaven/src/main/resources
2023-04-05 14:35:07,660 [Worker-16: Building] WARN  o.e.m.c.i.embedder.EclipseLogger - Using platform encoding (UTF-8 actually) to copy filtered resources, i.e. build is platform dependent!
2023-04-05 14:35:07,661 [Worker-16: Building] INFO  o.e.m.c.i.embedder.EclipseLogger - skip non existing resourceDirectory /Applications/study/Spring/workspace/Spring/chapter01_SpringMaven/src/test/resources
2023-04-05 15:28:56,778 [Worker-41: Building] WARN  o.e.m.c.i.embedder.EclipseLogger - Using platform encoding (UTF-8 actually) to copy filtered resources, i.e. build is platform dependent!
2023-04-05 15:28:56,783 [Worker-41: Building] INFO  o.e.m.c.i.embedder.EclipseLogger - skip non existing resourceDirectory /Applications/study/Spring/workspace/Spring/chapter01_SpringMaven/src/main/resources
2023-04-05 15:28:56,785 [Worker-41: Building] WARN  o.e.m.c.i.embedder.EclipseLogger - Using platform encoding (UTF-8 actually) to copy filtered resources, i.e. build is platform dependent!
2023-04-05 15:28:56,785 [Worker-41: Building] INFO  o.e.m.c.i.embedder.EclipseLogger - skip non existing resourceDirectory /Applications/study/Spring/workspace/Spring/chapter01_SpringMaven/src/test/resources
2023-04-05 15:29:03,236 [Worker-42: Building] WARN  o.e.m.c.i.embedder.EclipseLogger - Using platform encoding (UTF-8 actually) to copy filtered resources, i.e. build is platform dependent!
2023-04-05 15:29:03,237 [Worker-42: Building] INFO  o.e.m.c.i.embedder.EclipseLogger - skip non existing resourceDirectory /Applications/study/Spring/workspace/Spring/chapter01_SpringMaven/src/main/resources
2023-04-05 15:29:03,239 [Worker-42: Building] WARN  o.e.m.c.i.embedder.EclipseLogger - Using platform encoding (UTF-8 actually) to copy filtered resources, i.e. build is platform dependent!
2023-04-05 15:29:03,240 [Worker-42: Building] INFO  o.e.m.c.i.embedder.EclipseLogger - skip non existing resourceDirectory /Applications/study/Spring/workspace/Spring/chapter01_SpringMaven/src/test/resources
2023-04-05 15:29:27,057 [Worker-43: Building] WARN  o.e.m.c.i.embedder.EclipseLogger - Using platform encoding (UTF-8 actually) to copy filtered resources, i.e. build is platform dependent!
2023-04-05 15:29:27,059 [Worker-43: Building] INFO  o.e.m.c.i.embedder.EclipseLogger - skip non existing resourceDirectory /Applications/study/Spring/workspace/Spring/chapter01_SpringMaven/src/main/resources
2023-04-05 15:29:27,060 [Worker-43: Building] WARN  o.e.m.c.i.embedder.EclipseLogger - Using platform encoding (UTF-8 actually) to copy filtered resources, i.e. build is platform dependent!
2023-04-05 15:29:27,061 [Worker-43: Building] INFO  o.e.m.c.i.embedder.EclipseLogger - skip non existing resourceDirectory /Applications/study/Spring/workspace/Spring/chapter01_SpringMaven/src/test/resources
2023-04-05 15:34:23,187 [Worker-43: Building] WARN  o.e.m.c.i.embedder.EclipseLogger - Using platform encoding (UTF-8 actually) to copy filtered resources, i.e. build is platform dependent!
2023-04-05 15:34:23,190 [Worker-43: Building] INFO  o.e.m.c.i.embedder.EclipseLogger - skip non existing resourceDirectory /Applications/study/Spring/workspace/Spring/chapter01_SpringMaven/src/main/resources
2023-04-05 15:34:23,191 [Worker-43: Building] WARN  o.e.m.c.i.embedder.EclipseLogger - Using platform encoding (UTF-8 actually) to copy filtered resources, i.e. build is platform dependent!
2023-04-05 15:34:23,192 [Worker-43: Building] INFO  o.e.m.c.i.embedder.EclipseLogger - skip non existing resourceDirectory /Applications/study/Spring/workspace/Spring/chapter01_SpringMaven/src/test/resources
2023-04-05 15:35:02,898 [Worker-43: Building] WARN  o.e.m.c.i.embedder.EclipseLogger - Using platform encoding (UTF-8 actually) to copy filtered resources, i.e. build is platform dependent!
2023-04-05 15:35:02,904 [Worker-43: Building] INFO  o.e.m.c.i.embedder.EclipseLogger - skip non existing resourceDirectory /Applications/study/Spring/workspace/Spring/chapter01_SpringMaven/src/main/resources
2023-04-05 15:35:02,905 [Worker-43: Building] WARN  o.e.m.c.i.embedder.EclipseLogger - Using platform encoding (UTF-8 actually) to copy filtered resources, i.e. build is platform dependent!
2023-04-05 15:35:02,907 [Worker-43: Building] INFO  o.e.m.c.i.embedder.EclipseLogger - skip non existing resourceDirectory /Applications/study/Spring/workspace/Spring/chapter01_SpringMaven/src/test/resources
2023-04-05 15:35:14,726 [Worker-45: Building] WARN  o.e.m.c.i.embedder.EclipseLogger - Using platform encoding (UTF-8 actually) to copy filtered resources, i.e. build is platform dependent!
2023-04-05 15:35:14,726 [Worker-45: Building] INFO  o.e.m.c.i.embedder.EclipseLogger - skip non existing resourceDirectory /Applications/study/Spring/workspace/Spring/chapter01_SpringMaven/src/main/resources
2023-04-05 15:35:14,727 [Worker-45: Building] WARN  o.e.m.c.i.embedder.EclipseLogger - Using platform encoding (UTF-8 actually) to copy filtered resources, i.e. build is platform dependent!
2023-04-05 15:35:14,728 [Worker-45: Building] INFO  o.e.m.c.i.embedder.EclipseLogger - skip non existing resourceDirectory /Applications/study/Spring/workspace/Spring/chapter01_SpringMaven/src/test/resources
2023-04-05 15:35:27,550 [Worker-43: Building] WARN  o.e.m.c.i.embedder.EclipseLogger - Using platform encoding (UTF-8 actually) to copy filtered resources, i.e. build is platform dependent!
2023-04-05 15:35:27,551 [Worker-43: Building] INFO  o.e.m.c.i.embedder.EclipseLogger - skip non existing resourceDirectory /Applications/study/Spring/workspace/Spring/chapter01_SpringMaven/src/main/resources
2023-04-05 15:35:27,553 [Worker-43: Building] WARN  o.e.m.c.i.embedder.EclipseLogger - Using platform encoding (UTF-8 actually) to copy filtered resources, i.e. build is platform dependent!
2023-04-05 15:35:27,553 [Worker-43: Building] INFO  o.e.m.c.i.embedder.EclipseLogger - skip non existing resourceDirectory /Applications/study/Spring/workspace/Spring/chapter01_SpringMaven/src/test/resources
2023-04-05 15:35:51,326 [Worker-41: Building] WARN  o.e.m.c.i.embedder.EclipseLogger - Using platform encoding (UTF-8 actually) to copy filtered resources, i.e. build is platform dependent!
2023-04-05 15:35:51,327 [Worker-41: Building] INFO  o.e.m.c.i.embedder.EclipseLogger - skip non existing resourceDirectory /Applications/study/Spring/workspace/Spring/chapter01_SpringMaven/src/main/resources
2023-04-05 15:35:51,333 [Worker-41: Building] WARN  o.e.m.c.i.embedder.EclipseLogger - Using platform encoding (UTF-8 actually) to copy filtered resources, i.e. build is platform dependent!
2023-04-05 15:35:51,333 [Worker-41: Building] INFO  o.e.m.c.i.embedder.EclipseLogger - skip non existing resourceDirectory /Applications/study/Spring/workspace/Spring/chapter01_SpringMaven/src/test/resources
2023-04-05 15:38:55,783 [Worker-45: Building] WARN  o.e.m.c.i.embedder.EclipseLogger - Using platform encoding (UTF-8 actually) to copy filtered resources, i.e. build is platform dependent!
2023-04-05 15:38:55,786 [Worker-45: Building] INFO  o.e.m.c.i.embedder.EclipseLogger - skip non existing resourceDirectory /Applications/study/Spring/workspace/Spring/chapter01_SpringMaven/src/main/resources
2023-04-05 15:38:55,789 [Worker-45: Building] WARN  o.e.m.c.i.embedder.EclipseLogger - Using platform encoding (UTF-8 actually) to copy filtered resources, i.e. build is platform dependent!
2023-04-05 15:38:55,789 [Worker-45: Building] INFO  o.e.m.c.i.embedder.EclipseLogger - skip non existing resourceDirectory /Applications/study/Spring/workspace/Spring/chapter01_SpringMaven/src/test/resources
2023-04-05 15:39:13,372 [Worker-42: Building] WARN  o.e.m.c.i.embedder.EclipseLogger - Using platform encoding (UTF-8 actually) to copy filtered resources, i.e. build is platform dependent!
2023-04-05 15:39:13,375 [Worker-42: Building] INFO  o.e.m.c.i.embedder.EclipseLogger - skip non existing resourceDirectory /Applications/study/Spring/workspace/Spring/chapter01_SpringMaven/src/main/resources
2023-04-05 15:39:13,380 [Worker-42: Building] WARN  o.e.m.c.i.embedder.EclipseLogger - Using platform encoding (UTF-8 actually) to copy filtered resources, i.e. build is platform dependent!
2023-04-05 15:39:13,381 [Worker-42: Building] INFO  o.e.m.c.i.embedder.EclipseLogger - skip non existing resourceDirectory /Applications/study/Spring/workspace/Spring/chapter01_SpringMaven/src/test/resources
2023-04-05 15:40:18,669 [Worker-52: Building] WARN  o.e.m.c.i.embedder.EclipseLogger - Using platform encoding (UTF-8 actually) to copy filtered resources, i.e. build is platform dependent!
2023-04-05 15:40:18,670 [Worker-52: Building] INFO  o.e.m.c.i.embedder.EclipseLogger - skip non existing resourceDirectory /Applications/study/Spring/workspace/Spring/chapter01_SpringMaven/src/main/resources
2023-04-05 15:40:18,671 [Worker-52: Building] WARN  o.e.m.c.i.embedder.EclipseLogger - Using platform encoding (UTF-8 actually) to copy filtered resources, i.e. build is platform dependent!
2023-04-05 15:40:18,672 [Worker-52: Building] INFO  o.e.m.c.i.embedder.EclipseLogger - skip non existing resourceDirectory /Applications/study/Spring/workspace/Spring/chapter01_SpringMaven/src/test/resources
2023-04-05 15:40:43,261 [Worker-45: Building] WARN  o.e.m.c.i.embedder.EclipseLogger - Using platform encoding (UTF-8 actually) to copy filtered resources, i.e. build is platform dependent!
2023-04-05 15:40:43,265 [Worker-45: Building] INFO  o.e.m.c.i.embedder.EclipseLogger - skip non existing resourceDirectory /Applications/study/Spring/workspace/Spring/chapter01_SpringMaven/src/main/resources
2023-04-05 15:40:43,267 [Worker-45: Building] WARN  o.e.m.c.i.embedder.EclipseLogger - Using platform encoding (UTF-8 actually) to copy filtered resources, i.e. build is platform dependent!
2023-04-05 15:40:43,267 [Worker-45: Building] INFO  o.e.m.c.i.embedder.EclipseLogger - skip non existing resourceDirectory /Applications/study/Spring/workspace/Spring/chapter01_SpringMaven/src/test/resources
2023-04-05 15:41:33,219 [Worker-53: Building] WARN  o.e.m.c.i.embedder.EclipseLogger - Using platform encoding (UTF-8 actually) to copy filtered resources, i.e. build is platform dependent!
2023-04-05 15:41:33,220 [Worker-53: Building] INFO  o.e.m.c.i.embedder.EclipseLogger - skip non existing resourceDirectory /Applications/study/Spring/workspace/Spring/chapter01_SpringMaven/src/main/resources
2023-04-05 15:41:33,223 [Worker-53: Building] WARN  o.e.m.c.i.embedder.EclipseLogger - Using platform encoding (UTF-8 actually) to copy filtered resources, i.e. build is platform dependent!
2023-04-05 15:41:33,225 [Worker-53: Building] INFO  o.e.m.c.i.embedder.EclipseLogger - skip non existing resourceDirectory /Applications/study/Spring/workspace/Spring/chapter01_SpringMaven/src/test/resources
2023-04-05 15:46:36,004 [Worker-45: Building] WARN  o.e.m.c.i.embedder.EclipseLogger - Using platform encoding (UTF-8 actually) to copy filtered resources, i.e. build is platform dependent!
2023-04-05 15:46:36,005 [Worker-45: Building] INFO  o.e.m.c.i.embedder.EclipseLogger - skip non existing resourceDirectory /Applications/study/Spring/workspace/Spring/chapter01_SpringMaven/src/main/resources
2023-04-05 15:46:36,008 [Worker-45: Building] WARN  o.e.m.c.i.embedder.EclipseLogger - Using platform encoding (UTF-8 actually) to copy filtered resources, i.e. build is platform dependent!
2023-04-05 15:46:36,009 [Worker-45: Building] INFO  o.e.m.c.i.embedder.EclipseLogger - skip non existing resourceDirectory /Applications/study/Spring/workspace/Spring/chapter01_SpringMaven/src/test/resources
2023-04-05 15:46:48,654 [Worker-54: Building] WARN  o.e.m.c.i.embedder.EclipseLogger - Using platform encoding (UTF-8 actually) to copy filtered resources, i.e. build is platform dependent!
2023-04-05 15:46:48,673 [Worker-54: Building] INFO  o.e.m.c.i.embedder.EclipseLogger - skip non existing resourceDirectory /Applications/study/Spring/workspace/Spring/chapter01_SpringMaven/src/main/resources
2023-04-05 15:46:48,698 [Worker-54: Building] WARN  o.e.m.c.i.embedder.EclipseLogger - Using platform encoding (UTF-8 actually) to copy filtered resources, i.e. build is platform dependent!
2023-04-05 15:46:48,699 [Worker-54: Building] INFO  o.e.m.c.i.embedder.EclipseLogger - skip non existing resourceDirectory /Applications/study/Spring/workspace/Spring/chapter01_SpringMaven/src/test/resources
2023-04-05 15:47:36,596 [Worker-56: Building] WARN  o.e.m.c.i.embedder.EclipseLogger - Using platform encoding (UTF-8 actually) to copy filtered resources, i.e. build is platform dependent!
2023-04-05 15:47:36,598 [Worker-56: Building] INFO  o.e.m.c.i.embedder.EclipseLogger - skip non existing resourceDirectory /Applications/study/Spring/workspace/Spring/chapter01_SpringMaven/src/main/resources
2023-04-05 15:47:36,602 [Worker-56: Building] WARN  o.e.m.c.i.embedder.EclipseLogger - Using platform encoding (UTF-8 actually) to copy filtered resources, i.e. build is platform dependent!
2023-04-05 15:47:36,602 [Worker-56: Building] INFO  o.e.m.c.i.embedder.EclipseLogger - skip non existing resourceDirectory /Applications/study/Spring/workspace/Spring/chapter01_SpringMaven/src/test/resources
2023-04-05 15:48:12,275 [Worker-51: Building] WARN  o.e.m.c.i.embedder.EclipseLogger - Using platform encoding (UTF-8 actually) to copy filtered resources, i.e. build is platform dependent!
2023-04-05 15:48:12,278 [Worker-51: Building] INFO  o.e.m.c.i.embedder.EclipseLogger - skip non existing resourceDirectory /Applications/study/Spring/workspace/Spring/chapter01_SpringMaven/src/main/resources
2023-04-05 15:48:12,279 [Worker-51: Building] WARN  o.e.m.c.i.embedder.EclipseLogger - Using platform encoding (UTF-8 actually) to copy filtered resources, i.e. build is platform dependent!
2023-04-05 15:48:12,280 [Worker-51: Building] INFO  o.e.m.c.i.embedder.EclipseLogger - skip non existing resourceDirectory /Applications/study/Spring/workspace/Spring/chapter01_SpringMaven/src/test/resources
2023-04-05 16:33:21,133 [Worker-76: Building] WARN  o.e.m.c.i.embedder.EclipseLogger - Using platform encoding (UTF-8 actually) to copy filtered resources, i.e. build is platform dependent!
2023-04-05 16:33:21,140 [Worker-76: Building] INFO  o.e.m.c.i.embedder.EclipseLogger - skip non existing resourceDirectory /Applications/study/Spring/workspace/Spring/chapter01_SpringMaven/src/main/resources
2023-04-05 16:33:21,142 [Worker-76: Building] WARN  o.e.m.c.i.embedder.EclipseLogger - Using platform encoding (UTF-8 actually) to copy filtered resources, i.e. build is platform dependent!
2023-04-05 16:33:21,143 [Worker-76: Building] INFO  o.e.m.c.i.embedder.EclipseLogger - skip non existing resourceDirectory /Applications/study/Spring/workspace/Spring/chapter01_SpringMaven/src/test/resources
2023-04-05 16:34:08,915 [Worker-74: Building] WARN  o.e.m.c.i.embedder.EclipseLogger - Using platform encoding (UTF-8 actually) to copy filtered resources, i.e. build is platform dependent!
2023-04-05 16:34:08,916 [Worker-74: Building] INFO  o.e.m.c.i.embedder.EclipseLogger - skip non existing resourceDirectory /Applications/study/Spring/workspace/Spring/chapter01_SpringMaven/src/main/resources
2023-04-05 16:34:08,918 [Worker-74: Building] WARN  o.e.m.c.i.embedder.EclipseLogger - Using platform encoding (UTF-8 actually) to copy filtered resources, i.e. build is platform dependent!
2023-04-05 16:34:08,919 [Worker-74: Building] INFO  o.e.m.c.i.embedder.EclipseLogger - skip non existing resourceDirectory /Applications/study/Spring/workspace/Spring/chapter01_SpringMaven/src/test/resources
2023-04-05 16:34:12,606 [Worker-70: Building] WARN  o.e.m.c.i.embedder.EclipseLogger - Using platform encoding (UTF-8 actually) to copy filtered resources, i.e. build is platform dependent!
2023-04-05 16:34:12,607 [Worker-70: Building] INFO  o.e.m.c.i.embedder.EclipseLogger - skip non existing resourceDirectory /Applications/study/Spring/workspace/Spring/chapter01_SpringMaven/src/main/resources
2023-04-05 16:34:12,613 [Worker-70: Building] WARN  o.e.m.c.i.embedder.EclipseLogger - Using platform encoding (UTF-8 actually) to copy filtered resources, i.e. build is platform dependent!
2023-04-05 16:34:12,613 [Worker-70: Building] INFO  o.e.m.c.i.embedder.EclipseLogger - skip non existing resourceDirectory /Applications/study/Spring/workspace/Spring/chapter01_SpringMaven/src/test/resources
2023-04-05 16:35:55,052 [Worker-61: Building] WARN  o.e.m.c.i.embedder.EclipseLogger - Using platform encoding (UTF-8 actually) to copy filtered resources, i.e. build is platform dependent!
2023-04-05 16:35:55,055 [Worker-61: Building] INFO  o.e.m.c.i.embedder.EclipseLogger - skip non existing resourceDirectory /Applications/study/Spring/workspace/Spring/chapter01_SpringMaven/src/main/resources
2023-04-05 16:35:55,055 [Worker-61: Building] WARN  o.e.m.c.i.embedder.EclipseLogger - Using platform encoding (UTF-8 actually) to copy filtered resources, i.e. build is platform dependent!
2023-04-05 16:35:55,056 [Worker-61: Building] INFO  o.e.m.c.i.embedder.EclipseLogger - skip non existing resourceDirectory /Applications/study/Spring/workspace/Spring/chapter01_SpringMaven/src/test/resources
2023-04-05 16:36:08,946 [Worker-76: Building] WARN  o.e.m.c.i.embedder.EclipseLogger - Using platform encoding (UTF-8 actually) to copy filtered resources, i.e. build is platform dependent!
2023-04-05 16:36:08,951 [Worker-76: Building] INFO  o.e.m.c.i.embedder.EclipseLogger - skip non existing resourceDirectory /Applications/study/Spring/workspace/Spring/chapter01_SpringMaven/src/main/resources
2023-04-05 16:36:08,952 [Worker-76: Building] WARN  o.e.m.c.i.embedder.EclipseLogger - Using platform encoding (UTF-8 actually) to copy filtered resources, i.e. build is platform dependent!
2023-04-05 16:36:08,952 [Worker-76: Building] INFO  o.e.m.c.i.embedder.EclipseLogger - skip non existing resourceDirectory /Applications/study/Spring/workspace/Spring/chapter01_SpringMaven/src/test/resources
2023-04-05 16:58:36,284 [Worker-10: Loading available Gradle versions] INFO  o.e.b.c.i.u.g.PublishedGradleVersions - Gradle version information cache is up-to-date. Trying to read.
2023-04-05 17:05:48,584 [Worker-9: Enabling Maven Dependency Management] INFO  o.e.m.c.i.l.LifecycleMappingFactory - Using org.eclipse.m2e.jdt.JarLifecycleMapping lifecycle mapping for MavenProject: chapter02_SpringMaven:chapter02_SpringMaven:0.0.1-SNAPSHOT @ /Applications/study/Spring/workspace/Spring/chapter02_SpringMaven/pom.xml.
2023-04-05 17:05:49,885 [Worker-21: Building] WARN  o.e.m.c.i.embedder.EclipseLogger - Using platform encoding (UTF-8 actually) to copy filtered resources, i.e. build is platform dependent!
2023-04-05 17:05:49,888 [Worker-21: Building] INFO  o.e.m.c.i.embedder.EclipseLogger - skip non existing resourceDirectory /Applications/study/Spring/workspace/Spring/chapter02_SpringMaven/src/main/resources
2023-04-05 17:05:49,894 [Worker-21: Building] WARN  o.e.m.c.i.embedder.EclipseLogger - Using platform encoding (UTF-8 actually) to copy filtered resources, i.e. build is platform dependent!
2023-04-05 17:05:49,894 [Worker-21: Building] INFO  o.e.m.c.i.embedder.EclipseLogger - skip non existing resourceDirectory /Applications/study/Spring/workspace/Spring/chapter02_SpringMaven/src/test/resources
2023-04-05 17:05:49,917 [Worker-9: Enabling Maven Dependency Management] INFO  o.e.m.j.i.AbstractJavaProjectConfigurator - Adding source folder /chapter02_SpringMaven/src
2023-04-05 17:05:49,918 [Worker-9: Enabling Maven Dependency Management] INFO  o.e.m.j.i.AbstractJavaProjectConfigurator - Not adding source folder /chapter02_SpringMaven/src/test/java because it overlaps with /chapter02_SpringMaven/src
2023-04-05 17:05:50,143 [Worker-9: Enabling Maven Dependency Management] INFO  o.e.m.c.i.p.ProjectConfigurationManager - Update started
2023-04-05 17:05:50,679 [Worker-9: Enabling Maven Dependency Management] INFO  o.e.m.c.i.l.LifecycleMappingFactory - Using org.eclipse.m2e.jdt.JarLifecycleMapping lifecycle mapping for MavenProject: chapter02_SpringMaven:chapter02_SpringMaven:0.0.1-SNAPSHOT @ /Applications/study/Spring/workspace/Spring/chapter02_SpringMaven/pom.xml.
2023-04-05 17:05:51,541 [Worker-16: Building] WARN  o.e.m.c.i.embedder.EclipseLogger - Using platform encoding (UTF-8 actually) to copy filtered resources, i.e. build is platform dependent!
2023-04-05 17:05:51,543 [Worker-16: Building] INFO  o.e.m.c.i.embedder.EclipseLogger - skip non existing resourceDirectory /Applications/study/Spring/workspace/Spring/chapter02_SpringMaven/src/main/resources
2023-04-05 17:05:51,548 [Worker-16: Building] WARN  o.e.m.c.i.embedder.EclipseLogger - Using platform encoding (UTF-8 actually) to copy filtered resources, i.e. build is platform dependent!
2023-04-05 17:05:51,549 [Worker-16: Building] INFO  o.e.m.c.i.embedder.EclipseLogger - skip non existing resourceDirectory /Applications/study/Spring/workspace/Spring/chapter02_SpringMaven/src/test/resources
2023-04-05 17:05:51,934 [Worker-9: Enabling Maven Dependency Management] INFO  o.e.m.j.i.AbstractJavaProjectConfigurator - Adding source folder /chapter02_SpringMaven/src
2023-04-05 17:05:51,938 [Worker-9: Enabling Maven Dependency Management] INFO  o.e.m.j.i.AbstractJavaProjectConfigurator - Not adding source folder /chapter02_SpringMaven/src/test/java because it overlaps with /chapter02_SpringMaven/src
2023-04-05 17:05:52,032 [Worker-9: Enabling Maven Dependency Management] INFO  o.e.m.c.i.p.ProjectConfigurationManager - Update completed: 1 sec
2023-04-05 17:05:52,941 [Worker-9: Building] WARN  o.e.m.c.i.embedder.EclipseLogger - Using platform encoding (UTF-8 actually) to copy filtered resources, i.e. build is platform dependent!
2023-04-05 17:05:52,942 [Worker-9: Building] INFO  o.e.m.c.i.embedder.EclipseLogger - skip non existing resourceDirectory /Applications/study/Spring/workspace/Spring/chapter02_SpringMaven/src/main/resources
2023-04-05 17:05:52,945 [Worker-9: Building] WARN  o.e.m.c.i.embedder.EclipseLogger - Using platform encoding (UTF-8 actually) to copy filtered resources, i.e. build is platform dependent!
2023-04-05 17:05:52,946 [Worker-9: Building] INFO  o.e.m.c.i.embedder.EclipseLogger - skip non existing resourceDirectory /Applications/study/Spring/workspace/Spring/chapter02_SpringMaven/src/test/resources
2023-04-05 17:06:24,287 [Worker-19: Building] INFO  o.e.m.c.i.l.LifecycleMappingFactory - Using org.eclipse.m2e.jdt.JarLifecycleMapping lifecycle mapping for MavenProject: chapter02_SpringMaven:chapter02_SpringMaven:0.0.1-SNAPSHOT @ /Applications/study/Spring/workspace/Spring/chapter02_SpringMaven/pom.xml.
2023-04-05 17:06:24,514 [Worker-19: Building] WARN  o.e.m.c.i.embedder.EclipseLogger - Using platform encoding (UTF-8 actually) to copy filtered resources, i.e. build is platform dependent!
2023-04-05 17:06:24,516 [Worker-19: Building] INFO  o.e.m.c.i.embedder.EclipseLogger - skip non existing resourceDirectory /Applications/study/Spring/workspace/Spring/chapter02_SpringMaven/src/main/resources
2023-04-05 17:06:24,519 [Worker-19: Building] WARN  o.e.m.c.i.embedder.EclipseLogger - Using platform encoding (UTF-8 actually) to copy filtered resources, i.e. build is platform dependent!
2023-04-05 17:06:24,520 [Worker-19: Building] INFO  o.e.m.c.i.embedder.EclipseLogger - skip non existing resourceDirectory /Applications/study/Spring/workspace/Spring/chapter02_SpringMaven/src/test/resources
2023-04-05 17:06:26,054 [Worker-20: Building] WARN  o.e.m.c.i.embedder.EclipseLogger - Using platform encoding (UTF-8 actually) to copy filtered resources, i.e. build is platform dependent!
2023-04-05 17:06:26,057 [Worker-20: Building] INFO  o.e.m.c.i.embedder.EclipseLogger - skip non existing resourceDirectory /Applications/study/Spring/workspace/Spring/chapter02_SpringMaven/src/main/resources
2023-04-05 17:06:26,059 [Worker-20: Building] WARN  o.e.m.c.i.embedder.EclipseLogger - Using platform encoding (UTF-8 actually) to copy filtered resources, i.e. build is platform dependent!
2023-04-05 17:06:26,060 [Worker-20: Building] INFO  o.e.m.c.i.embedder.EclipseLogger - skip non existing resourceDirectory /Applications/study/Spring/workspace/Spring/chapter02_SpringMaven/src/test/resources
2023-04-05 17:09:09,866 [Worker-21: Building] INFO  o.e.m.c.i.l.LifecycleMappingFactory - Using org.eclipse.m2e.jdt.JarLifecycleMapping lifecycle mapping for MavenProject: chapter02_SpringMaven:chapter02_SpringMaven:0.0.1-SNAPSHOT @ /Applications/study/Spring/workspace/Spring/chapter02_SpringMaven/pom.xml.
2023-04-05 17:09:10,229 [Worker-21: Building] INFO  o.e.m.c.i.e.AbstractTransferListenerAdapter - Downloading https://repo.maven.apache.org/maven2/org/projectlombok/lombok/1.18.24/lombok-1.18.24.pom
2023-04-05 17:09:10,243 [Worker-21: Building] INFO  o.e.m.c.i.e.AbstractTransferListenerAdapter - Downloaded https://repo.maven.apache.org/maven2/org/projectlombok/lombok/1.18.24/lombok-1.18.24.pom
2023-04-05 17:09:10,266 [Worker-21: Building] INFO  o.e.m.c.i.e.AbstractTransferListenerAdapter - Downloading https://repo.maven.apache.org/maven2/org/projectlombok/lombok/1.18.24/lombok-1.18.24.jar
2023-04-05 17:09:10,366 [Worker-21: Building] INFO  o.e.m.c.i.e.AbstractTransferListenerAdapter - Downloaded https://repo.maven.apache.org/maven2/org/projectlombok/lombok/1.18.24/lombok-1.18.24.jar
2023-04-05 17:09:10,697 [Worker-21: Building] WARN  o.e.m.c.i.embedder.EclipseLogger - Using platform encoding (UTF-8 actually) to copy filtered resources, i.e. build is platform dependent!
2023-04-05 17:09:10,700 [Worker-21: Building] INFO  o.e.m.c.i.embedder.EclipseLogger - skip non existing resourceDirectory /Applications/study/Spring/workspace/Spring/chapter02_SpringMaven/src/main/resources
2023-04-05 17:09:10,703 [Worker-21: Building] WARN  o.e.m.c.i.embedder.EclipseLogger - Using platform encoding (UTF-8 actually) to copy filtered resources, i.e. build is platform dependent!
2023-04-05 17:09:10,705 [Worker-21: Building] INFO  o.e.m.c.i.embedder.EclipseLogger - skip non existing resourceDirectory /Applications/study/Spring/workspace/Spring/chapter02_SpringMaven/src/test/resources
2023-04-05 17:09:11,645 [Worker-23: Download sources and javadoc] INFO  o.e.m.c.i.e.AbstractTransferListenerAdapter - Downloading https://repo.maven.apache.org/maven2/org/projectlombok/lombok/1.18.24/lombok-1.18.24-sources.jar
2023-04-05 17:09:11,711 [Worker-23: Download sources and javadoc] INFO  o.e.m.c.i.e.AbstractTransferListenerAdapter - Downloaded https://repo.maven.apache.org/maven2/org/projectlombok/lombok/1.18.24/lombok-1.18.24-sources.jar
2023-04-05 17:09:11,941 [Worker-23: Download sources and javadoc] INFO  o.e.m.j.internal.DownloadSourcesJob - Downloaded sources for org.projectlombok:lombok:1.18.24
2023-04-05 17:09:12,245 [Worker-24: Building] WARN  o.e.m.c.i.embedder.EclipseLogger - Using platform encoding (UTF-8 actually) to copy filtered resources, i.e. build is platform dependent!
2023-04-05 17:09:12,249 [Worker-24: Building] INFO  o.e.m.c.i.embedder.EclipseLogger - skip non existing resourceDirectory /Applications/study/Spring/workspace/Spring/chapter02_SpringMaven/src/main/resources
2023-04-05 17:09:12,256 [Worker-24: Building] WARN  o.e.m.c.i.embedder.EclipseLogger - Using platform encoding (UTF-8 actually) to copy filtered resources, i.e. build is platform dependent!
2023-04-05 17:09:12,257 [Worker-24: Building] INFO  o.e.m.c.i.embedder.EclipseLogger - skip non existing resourceDirectory /Applications/study/Spring/workspace/Spring/chapter02_SpringMaven/src/test/resources
2023-04-05 20:28:26,343 [Worker-12: Loading available Gradle versions] INFO  o.e.b.c.i.u.g.PublishedGradleVersions - Gradle version information cache is up-to-date. Trying to read.
